plugins/helloworld/app/build/intermediates/manifest_merge_blame_file/civRelease/manifest-merger-blame-civ-release-report.txt
1<?xml version="1.0" encoding="utf-8"?>
2<manifest xmlns:android="http://schemas.android.com/apk/res/android"
3    package="com.atakmap.android.helloworld.plugin"
4    android:versionCode="1"
5    android:versionName="1.0 (1) - [4.2.0]" >
6
7    <uses-sdk
8        android:minSdkVersion="21"
8-->src\main\AndroidManifest.xml
9        android:targetSdkVersion="28" />
9-->[androidx.recyclerview:recyclerview:1.1.0] AndroidManifest.xml:22:9-38
10
11    <application
11-->src\main\AndroidManifest.xml:4:5-58:19
12        android:allowBackup="false"
12-->src\main\AndroidManifest.xml:5:9-36
13        android:description="@string/app_desc"
13-->src\main\AndroidManifest.xml:8:9-47
14        android:icon="@drawable/ic_launcher"
14-->src\main\AndroidManifest.xml:6:9-45
15        android:label="@string/app_name"
15-->src\main\AndroidManifest.xml:7:9-41
16        android:theme="@style/AppTheme" >
16-->src\main\AndroidManifest.xml:9:9-40
17        <meta-data
18            android:name="plugin-api"
18-->src\main\AndroidManifest.xml:10:20-45
19            android:value="com.atakmap.app@4.2.0.CIV" />
19-->src\main\AndroidManifest.xml:10:46-79
20        <meta-data
20-->src\main\AndroidManifest.xml:11:9-78
21            android:name="app_desc"
21-->src\main\AndroidManifest.xml:11:20-43
22            android:value="@string/app_desc" />
22-->src\main\AndroidManifest.xml:11:44-76
23
24        <provider
24-->src\main\AndroidManifest.xml:15:9-17:20
25            android:name="com.javacodegeeks.android.contentprovidertest.BirthProvider"
25-->src\main\AndroidManifest.xml:15:19-93
26            android:authorities="com.javacodegeeks.provider.Birthday" >
26-->src\main\AndroidManifest.xml:16:13-70
27        </provider>
28
29        <service
29-->src\main\AndroidManifest.xml:19:9-26:19
30            android:name="com.atakmap.android.helloworld.notification.NotificationService"
30-->src\main\AndroidManifest.xml:20:13-91
31            android:label="Plugin Notification Service" >
31-->src\main\AndroidManifest.xml:21:13-56
32            <intent-filter>
32-->src\main\AndroidManifest.xml:23:13-25:29
33                <action android:name="com.atakmap.android.helloworld.notification.NotificationService" />
33-->src\main\AndroidManifest.xml:24:17-105
33-->src\main\AndroidManifest.xml:24:25-103
34            </intent-filter>
35        </service>
36
37        <activity
37-->src\main\AndroidManifest.xml:28:9-33:20
38            android:name="com.atakmap.android.helloworld.CameraActivity"
38-->src\main\AndroidManifest.xml:29:13-73
39            android:configChanges="orientation"
39-->src\main\AndroidManifest.xml:32:13-48
40            android:exported="true"
40-->src\main\AndroidManifest.xml:31:13-36
41            android:theme="@android:style/Theme.Translucent.NoTitleBar.Fullscreen" >
41-->src\main\AndroidManifest.xml:30:13-83
42        </activity>
43
44        <!--
45        Commented out, functionality absorbed by SpeechToActivity
46        <activity
47            android:name="com.atakmap.android.helloworld.SpeechToTextActivity"
48            android:theme="@style/AppTheme"
49            android:exported="true"
50            android:configChanges="orientation"
51            android:launchMode="singleTop">
52            <intent-filter>
53                <action android:name="com.atakmap.android.helloworld.SpeechToTextActivity"/>
54            </intent-filter>
55        </activity>
56        -->
57        <activity
57-->src\main\AndroidManifest.xml:47:9-56:20
58            android:name="com.atakmap.android.helloworld.speechtotext.SpeechToActivity"
58-->src\main\AndroidManifest.xml:48:13-88
59            android:configChanges="orientation"
59-->src\main\AndroidManifest.xml:51:13-48
60            android:exported="true"
60-->src\main\AndroidManifest.xml:50:13-36
61            android:launchMode="singleTop"
61-->src\main\AndroidManifest.xml:52:13-43
62            android:theme="@style/Theme.Transparent" >
62-->src\main\AndroidManifest.xml:49:13-53
63            <intent-filter>
63-->src\main\AndroidManifest.xml:53:13-55:29
64                <action android:name="com.atakmap.android.helloworld.SpeechToActivity" />
64-->src\main\AndroidManifest.xml:54:17-89
64-->src\main\AndroidManifest.xml:54:25-87
65            </intent-filter>
66        </activity>
67    </application>
68
69</manifest>